# JRE version: OpenJDK Runtime Environment (17.0.11) (build 17.0.11+0--11852314)
# Java VM: OpenJDK 64-Bit Server VM (17.0.11+0--11852314, mixed mode, tiered, compressed oops, compressed class ptrs, g1 gc, windows-amd64)
GC Precious Log:
 CPUs: 8 total, 8 available
 Memory: 16108M
 Large Page Support: Disabled
 NUMA Support: Disabled
 Compressed Oops: Enabled (Zero based)
 Heap Region Size: 4M
 Heap Min Capacity: 8M
 Heap Initial Capacity: 252M
 Heap Max Capacity: 4608M
 Pre-touch: Disabled
 Parallel Workers: 8
 Concurrent Workers: 2
 Concurrent Refinement Workers: 8
 Periodic GC: Disabled
Heap:
 garbage-first heap   total 327680K, used 203057K [0x00000006e0000000, 0x0000000800000000)
  region size 4096K, 7 young (28672K), 2 survivors (8192K)
 Metaspace       used 107277K, committed 108480K, reserved 1179648K
  class space    used 14772K, committed 15296K, reserved 1048576K
GC Heap History (20 events):
Event: 12.081 GC heap before
{Heap before GC invocations=38 (full 0):
 garbage-first heap   total 180224K, used 138573K [0x00000006e0000000, 0x0000000800000000)
  region size 4096K, 12 young (49152K), 2 survivors (8192K)
 Metaspace       used 93064K, committed 93888K, reserved 1179648K
  class space    used 12871K, committed 13248K, reserved 1048576K
}
Event: 12.086 GC heap after
{Heap after GC invocations=39 (full 0):
 garbage-first heap   total 180224K, used 106226K [0x00000006e0000000, 0x0000000800000000)
  region size 4096K, 2 young (8192K), 2 survivors (8192K)
 Metaspace       used 93064K, committed 93888K, reserved 1179648K
  class space    used 12871K, committed 13248K, reserved 1048576K
}
Event: 12.668 GC heap before
{Heap before GC invocations=40 (full 0):
 garbage-first heap   total 192512K, used 143090K [0x00000006e0000000, 0x0000000800000000)
  region size 4096K, 11 young (45056K), 2 survivors (8192K)
 Metaspace       used 93780K, committed 94656K, reserved 1179648K
  class space    used 12948K, committed 13312K, reserved 1048576K
}
Event: 12.677 GC heap after
{Heap after GC invocations=41 (full 0):
 garbage-first heap   total 192512K, used 113373K [0x00000006e0000000, 0x0000000800000000)
  region size 4096K, 2 young (8192K), 2 survivors (8192K)
 Metaspace       used 93780K, committed 94656K, reserved 1179648K
  class space    used 12948K, committed 13312K, reserved 1048576K
}
Event: 13.239 GC heap before
{Heap before GC invocations=41 (full 0):
 garbage-first heap   total 192512K, used 142045K [0x00000006e0000000, 0x0000000800000000)
  region size 4096K, 11 young (45056K), 2 survivors (8192K)
 Metaspace       used 94159K, committed 95040K, reserved 1179648K
  class space    used 12994K, committed 13376K, reserved 1048576K
}
Event: 13.246 GC heap after
{Heap after GC invocations=42 (full 0):
 garbage-first heap   total 192512K, used 121676K [0x00000006e0000000, 0x0000000800000000)
  region size 4096K, 2 young (8192K), 2 survivors (8192K)
 Metaspace       used 94159K, committed 95040K, reserved 1179648K
  class space    used 12994K, committed 13376K, reserved 1048576K
}
Event: 13.628 GC heap before
{Heap before GC invocations=43 (full 0):
 garbage-first heap   total 225280K, used 154444K [0x00000006e0000000, 0x0000000800000000)
  region size 4096K, 9 young (36864K), 2 survivors (8192K)
 Metaspace       used 94457K, committed 95360K, reserved 1179648K
  class space    used 13032K, committed 13440K, reserved 1048576K
}
Event: 13.634 GC heap after
{Heap after GC invocations=44 (full 0):
 garbage-first heap   total 225280K, used 131627K [0x00000006e0000000, 0x0000000800000000)
  region size 4096K, 2 young (8192K), 2 survivors (8192K)
 Metaspace       used 94457K, committed 95360K, reserved 1179648K
  class space    used 13032K, committed 13440K, reserved 1048576K
}
Event: 14.073 GC heap before
{Heap before GC invocations=44 (full 0):
 garbage-first heap   total 225280K, used 164395K [0x00000006e0000000, 0x0000000800000000)
  region size 4096K, 11 young (45056K), 2 survivors (8192K)
 Metaspace       used 94906K, committed 95872K, reserved 1179648K
  class space    used 13101K, committed 13504K, reserved 1048576K
}
Event: 14.080 GC heap after
{Heap after GC invocations=45 (full 0):
 garbage-first heap   total 270336K, used 141609K [0x00000006e0000000, 0x0000000800000000)
  region size 4096K, 2 young (8192K), 2 survivors (8192K)
 Metaspace       used 94906K, committed 95872K, reserved 1179648K
  class space    used 13101K, committed 13504K, reserved 1048576K
}
Event: 14.915 GC heap before
{Heap before GC invocations=46 (full 0):
 garbage-first heap   total 270336K, used 194857K [0x00000006e0000000, 0x0000000800000000)
  region size 4096K, 15 young (61440K), 2 survivors (8192K)
 Metaspace       used 95519K, committed 96512K, reserved 1179648K
  class space    used 13179K, committed 13568K, reserved 1048576K
}
Event: 14.924 GC heap after
{Heap after GC invocations=47 (full 0):
 garbage-first heap   total 270336K, used 151014K [0x00000006e0000000, 0x0000000800000000)
  region size 4096K, 2 young (8192K), 2 survivors (8192K)
 Metaspace       used 95519K, committed 96512K, reserved 1179648K
  class space    used 13179K, committed 13568K, reserved 1048576K
}
Event: 15.589 GC heap before
{Heap before GC invocations=47 (full 0):
 garbage-first heap   total 270336K, used 200166K [0x00000006e0000000, 0x0000000800000000)
  region size 4096K, 14 young (57344K), 2 survivors (8192K)
 Metaspace       used 98065K, committed 99072K, reserved 1179648K
  class space    used 13528K, committed 13952K, reserved 1048576K
}
Event: 15.598 GC heap after
{Heap after GC invocations=48 (full 0):
 garbage-first heap   total 270336K, used 158070K [0x00000006e0000000, 0x0000000800000000)
  region size 4096K, 2 young (8192K), 2 survivors (8192K)
 Metaspace       used 98065K, committed 99072K, reserved 1179648K
  class space    used 13528K, committed 13952K, reserved 1048576K
}
Event: 16.150 GC heap before
{Heap before GC invocations=49 (full 0):
 garbage-first heap   total 282624K, used 207222K [0x00000006e0000000, 0x0000000800000000)
  region size 4096K, 14 young (57344K), 2 survivors (8192K)
 Metaspace       used 99392K, committed 100480K, reserved 1179648K
  class space    used 13676K, committed 14144K, reserved 1048576K
}
Event: 16.161 GC heap after
{Heap after GC invocations=50 (full 0):
 garbage-first heap   total 282624K, used 170956K [0x00000006e0000000, 0x0000000800000000)
  region size 4096K, 2 young (8192K), 2 survivors (8192K)
 Metaspace       used 99392K, committed 100480K, reserved 1179648K
  class space    used 13676K, committed 14144K, reserved 1048576K
}
Event: 16.744 GC heap before
{Heap before GC invocations=50 (full 0):
 garbage-first heap   total 282624K, used 216012K [0x00000006e0000000, 0x0000000800000000)
  region size 4096K, 13 young (53248K), 2 survivors (8192K)
 Metaspace       used 104373K, committed 105600K, reserved 1179648K
  class space    used 14394K, committed 14912K, reserved 1048576K
}
Event: 16.753 GC heap after
{Heap after GC invocations=51 (full 0):
 garbage-first heap   total 282624K, used 177130K [0x00000006e0000000, 0x0000000800000000)
  region size 4096K, 2 young (8192K), 2 survivors (8192K)
 Metaspace       used 104373K, committed 105600K, reserved 1179648K
  class space    used 14394K, committed 14912K, reserved 1048576K
}
Event: 17.175 GC heap before
{Heap before GC invocations=52 (full 0):
 garbage-first heap   total 327680K, used 218090K [0x00000006e0000000, 0x0000000800000000)
  region size 4096K, 12 young (49152K), 2 survivors (8192K)
 Metaspace       used 105231K, committed 106432K, reserved 1179648K
  class space    used 14514K, committed 15040K, reserved 1048576K
}
Event: 17.185 GC heap after
{Heap after GC invocations=53 (full 0):
 garbage-first heap   total 327680K, used 186673K [0x00000006e0000000, 0x0000000800000000)
  region size 4096K, 2 young (8192K), 2 survivors (8192K)
 Metaspace       used 105231K, committed 106432K, reserved 1179648K
  class space    used 14514K, committed 15040K, reserved 1048576K
}

