# JRE version: OpenJDK Runtime Environment (17.0.11) (build 17.0.11+0--11852314)
# Java VM: OpenJDK 64-Bit Server VM (17.0.11+0--11852314, mixed mode, tiered, compressed oops, compressed class ptrs, g1 gc, windows-amd64)
GC Precious Log:
 CPUs: 8 total, 8 available
 Memory: 16108M
 Large Page Support: Disabled
 NUMA Support: Disabled
 Compressed Oops: Enabled (Zero based)
 Heap Region Size: 4M
 Heap Min Capacity: 8M
 Heap Initial Capacity: 252M
 Heap Max Capacity: 4608M
 Pre-touch: Disabled
 Parallel Workers: 8
 Concurrent Workers: 2
 Concurrent Refinement Workers: 8
 Periodic GC: Disabled
Heap:
 garbage-first heap   total 704512K, used 295209K [0x00000006e0000000, 0x0000000800000000)
  region size 4096K, 4 young (16384K), 4 survivors (16384K)
 Metaspace       used 143837K, committed 145792K, reserved 1179648K
  class space    used 19358K, committed 20224K, reserved 1048576K
GC Heap History (20 events):
Event: 217.407 GC heap after
{Heap after GC invocations=66 (full 0):
 garbage-first heap   total 704512K, used 256764K [0x00000006e0000000, 0x0000000800000000)
  region size 4096K, 4 young (16384K), 4 survivors (16384K)
 Metaspace       used 141081K, committed 142656K, reserved 1179648K
  class space    used 19122K, committed 19840K, reserved 1048576K
}
Event: 217.906 GC heap before
{Heap before GC invocations=66 (full 0):
 garbage-first heap   total 704512K, used 269052K [0x00000006e0000000, 0x0000000800000000)
  region size 4096K, 8 young (32768K), 4 survivors (16384K)
 Metaspace       used 141226K, committed 142848K, reserved 1179648K
  class space    used 19125K, committed 19840K, reserved 1048576K
}
Event: 217.917 GC heap after
{Heap after GC invocations=67 (full 0):
 garbage-first heap   total 704512K, used 255824K [0x00000006e0000000, 0x0000000800000000)
  region size 4096K, 1 young (4096K), 1 survivors (4096K)
 Metaspace       used 141226K, committed 142848K, reserved 1179648K
  class space    used 19125K, committed 19840K, reserved 1048576K
}
Event: 230.481 GC heap before
{Heap before GC invocations=67 (full 0):
 garbage-first heap   total 704512K, used 587600K [0x00000006e0000000, 0x0000000800000000)
  region size 4096K, 83 young (339968K), 1 survivors (4096K)
 Metaspace       used 142367K, committed 144192K, reserved 1179648K
  class space    used 19263K, committed 20096K, reserved 1048576K
}
Event: 230.512 GC heap after
{Heap after GC invocations=68 (full 0):
 garbage-first heap   total 704512K, used 314515K [0x00000006e0000000, 0x0000000800000000)
  region size 4096K, 11 young (45056K), 11 survivors (45056K)
 Metaspace       used 142367K, committed 144192K, reserved 1179648K
  class space    used 19263K, committed 20096K, reserved 1048576K
}
Event: 384.063 GC heap before
{Heap before GC invocations=69 (full 0):
 garbage-first heap   total 704512K, used 556179K [0x00000006e0000000, 0x0000000800000000)
  region size 4096K, 71 young (290816K), 11 survivors (45056K)
 Metaspace       used 142913K, committed 144832K, reserved 1179648K
  class space    used 19316K, committed 20160K, reserved 1048576K
}
Event: 384.087 GC heap after
{Heap after GC invocations=70 (full 0):
 garbage-first heap   total 704512K, used 332549K [0x00000006e0000000, 0x0000000800000000)
  region size 4096K, 5 young (20480K), 5 survivors (20480K)
 Metaspace       used 142913K, committed 144832K, reserved 1179648K
  class space    used 19316K, committed 20160K, reserved 1048576K
}
Event: 384.155 GC heap before
{Heap before GC invocations=70 (full 0):
 garbage-first heap   total 704512K, used 344837K [0x00000006e0000000, 0x0000000800000000)
  region size 4096K, 8 young (32768K), 5 survivors (20480K)
 Metaspace       used 142919K, committed 144832K, reserved 1179648K
  class space    used 19316K, committed 20160K, reserved 1048576K
}
Event: 384.176 GC heap after
{Heap after GC invocations=71 (full 0):
 garbage-first heap   total 704512K, used 275328K [0x00000006e0000000, 0x0000000800000000)
  region size 4096K, 1 young (4096K), 1 survivors (4096K)
 Metaspace       used 142919K, committed 144832K, reserved 1179648K
  class space    used 19316K, committed 20160K, reserved 1048576K
}
Event: 384.313 GC heap before
{Heap before GC invocations=71 (full 0):
 garbage-first heap   total 704512K, used 304000K [0x00000006e0000000, 0x0000000800000000)
  region size 4096K, 8 young (32768K), 1 survivors (4096K)
 Metaspace       used 142984K, committed 144896K, reserved 1179648K
  class space    used 19317K, committed 20160K, reserved 1048576K
}
Event: 384.323 GC heap after
{Heap after GC invocations=72 (full 0):
 garbage-first heap   total 704512K, used 275185K [0x00000006e0000000, 0x0000000800000000)
  region size 4096K, 1 young (4096K), 1 survivors (4096K)
 Metaspace       used 142984K, committed 144896K, reserved 1179648K
  class space    used 19317K, committed 20160K, reserved 1048576K
}
Event: 392.839 GC heap before
{Heap before GC invocations=72 (full 0):
 garbage-first heap   total 704512K, used 549617K [0x00000006e0000000, 0x0000000800000000)
  region size 4096K, 69 young (282624K), 1 survivors (4096K)
 Metaspace       used 143363K, committed 145280K, reserved 1179648K
  class space    used 19323K, committed 20160K, reserved 1048576K
}
Event: 392.871 GC heap after
{Heap after GC invocations=73 (full 0):
 garbage-first heap   total 704512K, used 327640K [0x00000006e0000000, 0x0000000800000000)
  region size 4096K, 9 young (36864K), 9 survivors (36864K)
 Metaspace       used 143363K, committed 145280K, reserved 1179648K
  class space    used 19323K, committed 20160K, reserved 1048576K
}
Event: 394.685 GC heap before
{Heap before GC invocations=74 (full 0):
 garbage-first heap   total 704512K, used 622552K [0x00000006e0000000, 0x0000000800000000)
  region size 4096K, 52 young (212992K), 9 survivors (36864K)
 Metaspace       used 143535K, committed 145536K, reserved 1179648K
  class space    used 19349K, committed 20224K, reserved 1048576K
}
Event: 394.713 GC heap after
{Heap after GC invocations=75 (full 0):
 garbage-first heap   total 704512K, used 330653K [0x00000006e0000000, 0x0000000800000000)
  region size 4096K, 4 young (16384K), 4 survivors (16384K)
 Metaspace       used 143535K, committed 145536K, reserved 1179648K
  class space    used 19349K, committed 20224K, reserved 1048576K
}
Event: 394.850 GC heap before
{Heap before GC invocations=75 (full 0):
 garbage-first heap   total 704512K, used 342941K [0x00000006e0000000, 0x0000000800000000)
  region size 4096K, 8 young (32768K), 4 survivors (16384K)
 Metaspace       used 143537K, committed 145536K, reserved 1179648K
  class space    used 19349K, committed 20224K, reserved 1048576K
}
Event: 394.869 GC heap after
{Heap after GC invocations=76 (full 0):
 garbage-first heap   total 704512K, used 267312K [0x00000006e0000000, 0x0000000800000000)
  region size 4096K, 1 young (4096K), 1 survivors (4096K)
 Metaspace       used 143537K, committed 145536K, reserved 1179648K
  class space    used 19349K, committed 20224K, reserved 1048576K
}
Event: 394.908 GC heap before
{Heap before GC invocations=76 (full 0):
 garbage-first heap   total 704512K, used 291888K [0x00000006e0000000, 0x0000000800000000)
  region size 4096K, 8 young (32768K), 1 survivors (4096K)
 Metaspace       used 143537K, committed 145536K, reserved 1179648K
  class space    used 19349K, committed 20224K, reserved 1048576K
}
Event: 394.913 GC heap after
{Heap after GC invocations=77 (full 0):
 garbage-first heap   total 704512K, used 283648K [0x00000006e0000000, 0x0000000800000000)
  region size 4096K, 1 young (4096K), 1 survivors (4096K)
 Metaspace       used 143537K, committed 145536K, reserved 1179648K
  class space    used 19349K, committed 20224K, reserved 1048576K
}
Event: 839.342 GC heap before
{Heap before GC invocations=77 (full 0):
 garbage-first heap   total 704512K, used 529408K [0x00000006e0000000, 0x0000000800000000)
  region size 4096K, 62 young (253952K), 1 survivors (4096K)
 Metaspace       used 143837K, committed 145792K, reserved 1179648K
  class space    used 19358K, committed 20224K, reserved 1048576K
}

