# JRE version: OpenJDK Runtime Environment (17.0.11) (build 17.0.11+0--11852314)
# Java VM: OpenJDK 64-Bit Server VM (17.0.11+0--11852314, mixed mode, tiered, compressed oops, compressed class ptrs, g1 gc, windows-amd64)
GC Precious Log:
 CPUs: 8 total, 8 available
 Memory: 16108M
 Large Page Support: Disabled
 NUMA Support: Disabled
 Compressed Oops: Enabled (Zero based)
 Heap Region Size: 4M
 Heap Min Capacity: 8M
 Heap Initial Capacity: 252M
 Heap Max Capacity: 4608M
 Pre-touch: Disabled
 Parallel Workers: 8
 Concurrent Workers: 2
 Concurrent Refinement Workers: 8
 Periodic GC: Disabled
Heap:
 garbage-first heap   total 1449984K, used 1017017K [0x00000006e0000000, 0x0000000800000000)
  region size 4096K, 82 young (335872K), 6 survivors (24576K)
 Metaspace       used 131800K, committed 133248K, reserved 1179648K
  class space    used 17897K, committed 18560K, reserved 1048576K
GC Heap History (20 events):
Event: 606.583 GC heap before
{Heap before GC invocations=85 (full 0):
 garbage-first heap   total 1449984K, used 1264479K [0x00000006e0000000, 0x0000000800000000)
  region size 4096K, 147 young (602112K), 7 survivors (28672K)
 Metaspace       used 131687K, committed 133184K, reserved 1179648K
  class space    used 17892K, committed 18560K, reserved 1048576K
}
Event: 606.854 GC heap after
{Heap after GC invocations=86 (full 0):
 garbage-first heap   total 1449984K, used 695808K [0x00000006e0000000, 0x0000000800000000)
  region size 4096K, 7 young (28672K), 7 survivors (28672K)
 Metaspace       used 131687K, committed 133184K, reserved 1179648K
  class space    used 17892K, committed 18560K, reserved 1048576K
}
Event: 612.108 GC heap before
{Heap before GC invocations=86 (full 0):
 garbage-first heap   total 1449984K, used 1269248K [0x00000006e0000000, 0x0000000800000000)
  region size 4096K, 147 young (602112K), 7 survivors (28672K)
 Metaspace       used 131702K, committed 133184K, reserved 1179648K
  class space    used 17892K, committed 18560K, reserved 1048576K
}
Event: 612.266 GC heap after
{Heap after GC invocations=87 (full 0):
 garbage-first heap   total 1449984K, used 697056K [0x00000006e0000000, 0x0000000800000000)
  region size 4096K, 8 young (32768K), 8 survivors (32768K)
 Metaspace       used 131702K, committed 133184K, reserved 1179648K
  class space    used 17892K, committed 18560K, reserved 1048576K
}
Event: 616.384 GC heap before
{Heap before GC invocations=87 (full 0):
 garbage-first heap   total 1449984K, used 1258208K [0x00000006e0000000, 0x0000000800000000)
  region size 4096K, 146 young (598016K), 8 survivors (32768K)
 Metaspace       used 131733K, committed 133248K, reserved 1179648K
  class space    used 17893K, committed 18560K, reserved 1048576K
}
Event: 616.552 GC heap after
{Heap after GC invocations=88 (full 0):
 garbage-first heap   total 1449984K, used 698981K [0x00000006e0000000, 0x0000000800000000)
  region size 4096K, 8 young (32768K), 8 survivors (32768K)
 Metaspace       used 131733K, committed 133248K, reserved 1179648K
  class space    used 17893K, committed 18560K, reserved 1048576K
}
Event: 621.365 GC heap before
{Heap before GC invocations=88 (full 0):
 garbage-first heap   total 1449984K, used 1264229K [0x00000006e0000000, 0x0000000800000000)
  region size 4096K, 146 young (598016K), 8 survivors (32768K)
 Metaspace       used 131745K, committed 133248K, reserved 1179648K
  class space    used 17893K, committed 18560K, reserved 1048576K
}
Event: 621.526 GC heap after
{Heap after GC invocations=89 (full 0):
 garbage-first heap   total 1449984K, used 700051K [0x00000006e0000000, 0x0000000800000000)
  region size 4096K, 8 young (32768K), 8 survivors (32768K)
 Metaspace       used 131745K, committed 133248K, reserved 1179648K
  class space    used 17893K, committed 18560K, reserved 1048576K
}
Event: 626.085 GC heap before
{Heap before GC invocations=89 (full 0):
 garbage-first heap   total 1449984K, used 1261203K [0x00000006e0000000, 0x0000000800000000)
  region size 4096K, 146 young (598016K), 8 survivors (32768K)
 Metaspace       used 131757K, committed 133248K, reserved 1179648K
  class space    used 17893K, committed 18560K, reserved 1048576K
}
Event: 626.202 GC heap after
{Heap after GC invocations=90 (full 0):
 garbage-first heap   total 1449984K, used 700511K [0x00000006e0000000, 0x0000000800000000)
  region size 4096K, 7 young (28672K), 7 survivors (28672K)
 Metaspace       used 131757K, committed 133248K, reserved 1179648K
  class space    used 17893K, committed 18560K, reserved 1048576K
}
Event: 631.373 GC heap before
{Heap before GC invocations=90 (full 0):
 garbage-first heap   total 1449984K, used 1265759K [0x00000006e0000000, 0x0000000800000000)
  region size 4096K, 146 young (598016K), 7 survivors (28672K)
 Metaspace       used 131770K, committed 133248K, reserved 1179648K
  class space    used 17893K, committed 18560K, reserved 1048576K
}
Event: 631.528 GC heap after
{Heap after GC invocations=91 (full 0):
 garbage-first heap   total 1449984K, used 703868K [0x00000006e0000000, 0x0000000800000000)
  region size 4096K, 6 young (24576K), 6 survivors (24576K)
 Metaspace       used 131770K, committed 133248K, reserved 1179648K
  class space    used 17893K, committed 18560K, reserved 1048576K
}
Event: 636.487 GC heap before
{Heap before GC invocations=91 (full 0):
 garbage-first heap   total 1449984K, used 1273212K [0x00000006e0000000, 0x0000000800000000)
  region size 4096K, 146 young (598016K), 6 survivors (24576K)
 Metaspace       used 131776K, committed 133248K, reserved 1179648K
  class space    used 17893K, committed 18560K, reserved 1048576K
}
Event: 636.598 GC heap after
{Heap after GC invocations=92 (full 0):
 garbage-first heap   total 1449984K, used 705178K [0x00000006e0000000, 0x0000000800000000)
  region size 4096K, 6 young (24576K), 6 survivors (24576K)
 Metaspace       used 131776K, committed 133248K, reserved 1179648K
  class space    used 17893K, committed 18560K, reserved 1048576K
}
Event: 640.694 GC heap before
{Heap before GC invocations=92 (full 0):
 garbage-first heap   total 1449984K, used 1274522K [0x00000006e0000000, 0x0000000800000000)
  region size 4096K, 145 young (593920K), 6 survivors (24576K)
 Metaspace       used 131784K, committed 133248K, reserved 1179648K
  class space    used 17895K, committed 18560K, reserved 1048576K
}
Event: 640.828 GC heap after
{Heap after GC invocations=93 (full 0):
 garbage-first heap   total 1449984K, used 707212K [0x00000006e0000000, 0x0000000800000000)
  region size 4096K, 6 young (24576K), 6 survivors (24576K)
 Metaspace       used 131784K, committed 133248K, reserved 1179648K
  class space    used 17895K, committed 18560K, reserved 1048576K
}
Event: 647.136 GC heap before
{Heap before GC invocations=93 (full 0):
 garbage-first heap   total 1449984K, used 1272460K [0x00000006e0000000, 0x0000000800000000)
  region size 4096K, 145 young (593920K), 6 survivors (24576K)
 Metaspace       used 131797K, committed 133248K, reserved 1179648K
  class space    used 17897K, committed 18560K, reserved 1048576K
}
Event: 647.285 GC heap after
{Heap after GC invocations=94 (full 0):
 garbage-first heap   total 1449984K, used 707762K [0x00000006e0000000, 0x0000000800000000)
  region size 4096K, 6 young (24576K), 6 survivors (24576K)
 Metaspace       used 131797K, committed 133248K, reserved 1179648K
  class space    used 17897K, committed 18560K, reserved 1048576K
}
Event: 651.541 GC heap before
{Heap before GC invocations=94 (full 0):
 garbage-first heap   total 1449984K, used 1273010K [0x00000006e0000000, 0x0000000800000000)
  region size 4096K, 144 young (589824K), 6 survivors (24576K)
 Metaspace       used 131798K, committed 133248K, reserved 1179648K
  class space    used 17897K, committed 18560K, reserved 1048576K
}
Event: 651.647 GC heap after
{Heap after GC invocations=95 (full 0):
 garbage-first heap   total 1449984K, used 709817K [0x00000006e0000000, 0x0000000800000000)
  region size 4096K, 6 young (24576K), 6 survivors (24576K)
 Metaspace       used 131798K, committed 133248K, reserved 1179648K
  class space    used 17897K, committed 18560K, reserved 1048576K
}

